<?xml version="1.0" encoding="UTF-8"?>
<!-- Generated by org.testng.reporters.JUnitReportReporter -->
<testsuite hostname="LAPTOP-IJ6K0BM1" failures="0" tests="1" name="com.example.automation.tests.VerifyStatusAPI" time="4.240" errors="0" timestamp="2025-09-28T16:36:40 IST" skipped="0">
  <testcase classname="com.example.automation.tests.VerifyStatusAPI" name="verifyStatusAPI" time="4.240"/>
</testsuite> <!-- com.example.automation.tests.VerifyStatusAPI -->
