<?xml version="1.0" encoding="UTF-8"?>
<!-- Generated by org.testng.reporters.JUnitReportReporter -->
<testsuite hostname="LAPTOP-IJ6K0BM1" failures="0" tests="1" name="utils.DriverFactory" time="6.696" errors="0" timestamp="2025-09-27T02:19:23 IST" skipped="0">
  <testcase classname="utils.DriverFactory" name="setup" time="6.696"/>
</testsuite> <!-- utils.DriverFactory -->
